⚠ [1297/1306] Replayed TLICA.MSI
warning: ././././TLICA/MSI.lean:35:10: The namespace 'MSI' is duplicated in the declaration 'TLICA.MSI.MSI'
note: this linter can be disabled with `set_option linter.dupNamespace false`
warning: ././././TLICA/MSI.lean:60:8: The namespace 'MSI' is duplicated in the declaration 'TLICA.MSI.MSI.cogito_is_supremum'
note: this linter can be disabled with `set_option linter.dupNamespace false`
warning: ././././TLICA/MSI.lean:67:8: The namespace 'MSI' is duplicated in the declaration 'TLICA.MSI.MSI.nonCogito_has_threshold_value'
note: this linter can be disabled with `set_option linter.dupNamespace false`
warning: ././././TLICA/MSI.lean:73:8: The namespace 'MSI' is duplicated in the declaration 'TLICA.MSI.MSI.mem_msi_positive'
note: this linter can be disabled with `set_option linter.dupNamespace false`
⚠ [1298/1306] Replayed TLICA.PtCns
warning: ././././TLICA/PtCns.lean:57:10: The namespace 'PtCns' is duplicated in the declaration 'TLICA.PtCns.PtCns'
note: this linter can be disabled with `set_option linter.dupNamespace false`
warning: ././././TLICA/PtCns.lean:68:4: The namespace 'PtCns' is duplicated in the declaration 'TLICA.PtCns.PtCns.positiveContents'
note: this linter can be disabled with `set_option linter.dupNamespace false`
warning: ././././TLICA/PtCns.lean:72:4: The namespace 'PtCns' is duplicated in the declaration 'TLICA.PtCns.PtCns.negativeContents'
note: this linter can be disabled with `set_option linter.dupNamespace false`
warning: ././././TLICA/PtCns.lean:76:4: The namespace 'PtCns' is duplicated in the declaration 'TLICA.PtCns.PtCns.neutralContents'
note: this linter can be disabled with `set_option linter.dupNamespace false`
warning: ././././TLICA/PtCns.lean:80:8: The namespace 'PtCns' is duplicated in the declaration 'TLICA.PtCns.PtCns.cogito_in_positive'
note: this linter can be disabled with `set_option linter.dupNamespace false`
warning: ././././TLICA/PtCns.lean:86:8: The namespace 'PtCns' is duplicated in the declaration 'TLICA.PtCns.PtCns.cogito_not_negative'
note: this linter can be disabled with `set_option linter.dupNamespace false`
warning: ././././TLICA/PtCns.lean:92:8: The namespace 'PtCns' is duplicated in the declaration 'TLICA.PtCns.PtCns.cogito_not_neutral'
note: this linter can be disabled with `set_option linter.dupNamespace false`
warning: ././././TLICA/PtCns.lean:98:8: The namespace 'PtCns' is duplicated in the declaration 'TLICA.PtCns.PtCns.partition_disjoint'
note: this linter can be disabled with `set_option linter.dupNamespace false`
⚠ [1301/1306] Replayed TLICA.ProjectMap
warning: ././././TLICA/ProjectMap.lean:38:10: The namespace 'ProjectMap' is duplicated in the declaration 'TLICA.ProjectMap.ProjectMap'
note: this linter can be disabled with `set_option linter.dupNamespace false`
warning: ././././TLICA/ProjectMap.lean:55:8: The namespace 'ProjectMap' is duplicated in the declaration 'TLICA.ProjectMap.ProjectMap.noAction_projects'
note: this linter can be disabled with `set_option linter.dupNamespace false`
⚠ [1302/1306] Built TLICA.PreservationRanking
warning: ././././TLICA/PreservationRanking.lean:31:10: The namespace 'PreservationRanking' is duplicated in the declaration 'TLICA.PreservationRanking.PreservationRanking'
note: this linter can be disabled with `set_option linter.dupNamespace false`
warning: ././././TLICA/PreservationRanking.lean:53:8: The namespace 'PreservationRanking' is duplicated in the declaration 'TLICA.PreservationRanking.PreservationRanking.msi_rank_max'
note: this linter can be disabled with `set_option linter.dupNamespace false`
warning: ././././TLICA/PreservationRanking.lean:58:8: The namespace 'PreservationRanking' is duplicated in the declaration 'TLICA.PreservationRanking.PreservationRanking.no_cogito_zero_rank'
note: this linter can be disabled with `set_option linter.dupNamespace false`
✔ [1303/1306] Built TLICA.ProfileComparison.PseudoEMetric
✖ [1304/1306] Building TLICA.PCE
trace: .> LEAN_PATH=././.lake/packages/batteries/.lake/build/lib:././.lake/packages/Qq/.lake/build/lib:././.lake/packages/aesop/.lake/build/lib:././.lake/packages/proofwidgets/.lake/build/lib:././.lake/packages/Cli/.lake/build/lib:././.lake/packages/importGraph/.lake/build/lib:././.lake/packages/mathlib/.lake/build/lib:././.lake/build/lib LD_LIBRARY_PATH= /home/leah/.elan/toolchains/leanprover--lean4---v4.11.0/bin/lean ././././TLICA/PCE.lean -R ./././. -o ././.lake/build/lib/TLICA/PCE.olean -i ././.lake/build/lib/TLICA/PCE.ilean -c ././.lake/build/ir/TLICA/PCE.c --json
error: ././././TLICA/PCE.lean:43:37: unexpected token 'Π'; expected '_' or identifier
error: ././././TLICA/PCE.lean:56:30: unexpected token 'Π'; expected '_' or identifier
error: ././././TLICA/PCE.lean:66:42: unexpected token 'Π'; expected '_' or identifier
error: ././././TLICA/PCE.lean:75:33: unexpected token 'Π'; expected '_' or identifier
error: ././././TLICA/PCE.lean:80:46: unexpected token 'Π'; expected '_' or identifier
error: Lean exited with code 1
Some required builds logged failures:
- TLICA.PCE
error: build failed
