⚠ [1298/1306] Replayed TLICA.MSI
warning: ././././TLICA/MSI.lean:35:10: The namespace 'MSI' is duplicated in the declaration 'TLICA.MSI.MSI'
note: this linter can be disabled with `set_option linter.dupNamespace false`
warning: ././././TLICA/MSI.lean:60:8: The namespace 'MSI' is duplicated in the declaration 'TLICA.MSI.MSI.cogito_is_supremum'
note: this linter can be disabled with `set_option linter.dupNamespace false`
warning: ././././TLICA/MSI.lean:67:8: The namespace 'MSI' is duplicated in the declaration 'TLICA.MSI.MSI.nonCogito_has_threshold_value'
note: this linter can be disabled with `set_option linter.dupNamespace false`
warning: ././././TLICA/MSI.lean:73:8: The namespace 'MSI' is duplicated in the declaration 'TLICA.MSI.MSI.mem_msi_positive'
note: this linter can be disabled with `set_option linter.dupNamespace false`
⚠ [1299/1306] Replayed TLICA.PreservationRanking
warning: ././././TLICA/PreservationRanking.lean:31:10: The namespace 'PreservationRanking' is duplicated in the declaration 'TLICA.PreservationRanking.PreservationRanking'
note: this linter can be disabled with `set_option linter.dupNamespace false`
warning: ././././TLICA/PreservationRanking.lean:53:8: The namespace 'PreservationRanking' is duplicated in the declaration 'TLICA.PreservationRanking.PreservationRanking.msi_rank_max'
note: this linter can be disabled with `set_option linter.dupNamespace false`
warning: ././././TLICA/PreservationRanking.lean:58:8: The namespace 'PreservationRanking' is duplicated in the declaration 'TLICA.PreservationRanking.PreservationRanking.no_cogito_zero_rank'
note: this linter can be disabled with `set_option linter.dupNamespace false`
⚠ [1300/1306] Replayed TLICA.ProjectMap
warning: ././././TLICA/ProjectMap.lean:38:10: The namespace 'ProjectMap' is duplicated in the declaration 'TLICA.ProjectMap.ProjectMap'
note: this linter can be disabled with `set_option linter.dupNamespace false`
warning: ././././TLICA/ProjectMap.lean:55:8: The namespace 'ProjectMap' is duplicated in the declaration 'TLICA.ProjectMap.ProjectMap.noAction_projects'
note: this linter can be disabled with `set_option linter.dupNamespace false`
⚠ [1301/1306] Built TLICA.PCE
warning: ././././TLICA/PCE.lean:44:5: unused variable `proj`
note: this linter can be disabled with `set_option linter.unusedVariables false`
warning: ././././TLICA/PCE.lean:44:27: unused variable `a`
note: this linter can be disabled with `set_option linter.unusedVariables false`
warning: ././././TLICA/PCE.lean:43:18: The namespace 'PCE' is duplicated in the declaration 'TLICA.PCE.PCE'
note: this linter can be disabled with `set_option linter.dupNamespace false`
warning: ././././TLICA/PCE.lean:56:8: The namespace 'PCE' is duplicated in the declaration 'TLICA.PCE.PCE.nonneg'
note: this linter can be disabled with `set_option linter.dupNamespace false`
warning: ././././TLICA/PCE.lean:63:8: The namespace 'PCE' is duplicated in the declaration 'TLICA.PCE.PCE.eq_rank_msi_contents'
note: this linter can be disabled with `set_option linter.dupNamespace false`
warning: ././././TLICA/PCE.lean:73:8: The namespace 'PCE' is duplicated in the declaration 'TLICA.PCE.PCE.bounded_by_msi_max'
note: this linter can be disabled with `set_option linter.dupNamespace false`
warning: ././././TLICA/PCE.lean:82:4: The namespace 'PCE' is duplicated in the declaration 'TLICA.PCE.PCE.selectsAction'
note: this linter can be disabled with `set_option linter.dupNamespace false`
warning: ././././TLICA/PCE.lean:91:8: unused variable `b`
note: this linter can be disabled with `set_option linter.unusedVariables false`
warning: ././././TLICA/PCE.lean:87:8: The namespace 'PCE' is duplicated in the declaration 'TLICA.PCE.PCE.every_action_maximizes'
note: this linter can be disabled with `set_option linter.dupNamespace false`
warning: ././././TLICA/PCE.lean:96:8: The namespace 'PCE' is duplicated in the declaration 'TLICA.PCE.PCE.all_actions_equal'
note: this linter can be disabled with `set_option linter.dupNamespace false`
✖ [1302/1306] Building TLICA.PtCns
trace: .> LEAN_PATH=././.lake/packages/batteries/.lake/build/lib:././.lake/packages/Qq/.lake/build/lib:././.lake/packages/aesop/.lake/build/lib:././.lake/packages/proofwidgets/.lake/build/lib:././.lake/packages/Cli/.lake/build/lib:././.lake/packages/importGraph/.lake/build/lib:././.lake/packages/mathlib/.lake/build/lib:././.lake/build/lib LD_LIBRARY_PATH= /home/leah/.elan/toolchains/leanprover--lean4---v4.11.0/bin/lean ././././TLICA/PtCns.lean -R ./././. -o ././.lake/build/lib/TLICA/PtCns.olean -i ././.lake/build/lib/TLICA/PtCns.ilean -c ././.lake/build/ir/TLICA/PtCns.c --json
warning: ././././TLICA/PtCns.lean:57:10: The namespace 'PtCns' is duplicated in the declaration 'TLICA.PtCns.PtCns'
note: this linter can be disabled with `set_option linter.dupNamespace false`
warning: ././././TLICA/PtCns.lean:68:4: The namespace 'PtCns' is duplicated in the declaration 'TLICA.PtCns.PtCns.positiveContents'
note: this linter can be disabled with `set_option linter.dupNamespace false`
warning: ././././TLICA/PtCns.lean:72:4: The namespace 'PtCns' is duplicated in the declaration 'TLICA.PtCns.PtCns.negativeContents'
note: this linter can be disabled with `set_option linter.dupNamespace false`
warning: ././././TLICA/PtCns.lean:76:4: The namespace 'PtCns' is duplicated in the declaration 'TLICA.PtCns.PtCns.neutralContents'
note: this linter can be disabled with `set_option linter.dupNamespace false`
warning: ././././TLICA/PtCns.lean:80:8: The namespace 'PtCns' is duplicated in the declaration 'TLICA.PtCns.PtCns.cogito_in_positive'
note: this linter can be disabled with `set_option linter.dupNamespace false`
warning: ././././TLICA/PtCns.lean:86:8: The namespace 'PtCns' is duplicated in the declaration 'TLICA.PtCns.PtCns.cogito_not_negative'
note: this linter can be disabled with `set_option linter.dupNamespace false`
error: ././././TLICA/PtCns.lean:97:0: tabs are not allowed; please configure your editor to expand them
warning: ././././TLICA/PtCns.lean:92:8: The namespace 'PtCns' is duplicated in the declaration 'TLICA.PtCns.PtCns.cogito_not_neutral'
note: this linter can be disabled with `set_option linter.dupNamespace false`
error: ././././TLICA/PtCns.lean:98:0: tabs are not allowed; please configure your editor to expand them
error: ././././TLICA/PtCns.lean:97:1: unexpected syntax
  failed to pretty print term (use 'set_option pp.rawOnError true' for raw representation)
error: ././././TLICA/PtCns.lean:99:0: tabs are not allowed; please configure your editor to expand them
error: ././././TLICA/PtCns.lean:98:1: unexpected syntax
  failed to pretty print term (use 'set_option pp.rawOnError true' for raw representation)
warning: ././././TLICA/PtCns.lean:98:9: The namespace 'PtCns' is duplicated in the declaration 'TLICA.PtCns.PtCns.partition_disjoint'
note: this linter can be disabled with `set_option linter.dupNamespace false`
error: ././././TLICA/PtCns.lean:100:0: tabs are not allowed; please configure your editor to expand them
error: ././././TLICA/PtCns.lean:99:49: unexpected command
error: ././././TLICA/PtCns.lean:101:0: tabs are not allowed; please configure your editor to expand them
error: ././././TLICA/PtCns.lean:100:48: unexpected command
error: ././././TLICA/PtCns.lean:109:0: tabs are not allowed; please configure your editor to expand them
error: ././././TLICA/PtCns.lean:108:15: unexpected command
error: ././././TLICA/PtCns.lean:110:0: tabs are not allowed; please configure your editor to expand them
error: ././././TLICA/PtCns.lean:109:11: unexpected command
error: ././././TLICA/PtCns.lean:112:0: tabs are not allowed; please configure your editor to expand them
error: ././././TLICA/PtCns.lean:110:3: unexpected command
error: ././././TLICA/PtCns.lean:113:0: tabs are not allowed; please configure your editor to expand them
error: ././././TLICA/PtCns.lean:112:1: unexpected syntax
  failed to pretty print term (use 'set_option pp.rawOnError true' for raw representation)
error: ././././TLICA/PtCns.lean:114:0: tabs are not allowed; please configure your editor to expand them
error: ././././TLICA/PtCns.lean:113:1: unexpected syntax
  failed to pretty print term (use 'set_option pp.rawOnError true' for raw representation)
warning: ././././TLICA/PtCns.lean:113:9: The namespace 'PtCns' is duplicated in the declaration 'TLICA.PtCns.PtCns.partition_cover'
note: this linter can be disabled with `set_option linter.dupNamespace false`
error: ././././TLICA/PtCns.lean:115:0: tabs are not allowed; please configure your editor to expand them
error: ././././TLICA/PtCns.lean:114:79: unexpected command
error: ././././TLICA/PtCns.lean:116:0: tabs are not allowed; please configure your editor to expand them
error: ././././TLICA/PtCns.lean:115:7: unexpected command
error: ././././TLICA/PtCns.lean:117:0: tabs are not allowed; please configure your editor to expand them
error: ././././TLICA/PtCns.lean:116:60: unexpected command
error: ././././TLICA/PtCns.lean:118:0: tabs are not allowed; please configure your editor to expand them
error: ././././TLICA/PtCns.lean:117:33: unexpected command
error: Lean exited with code 1
Some required builds logged failures:
- TLICA.PtCns
error: build failed
